c:\neumont\c++\gat-gameengine\gat-repo\temp\gamedebug\vc143.pdb
c:\neumont\c++\gat-gameengine\gat-repo\temp\gamedebug\vc143.idb
c:\neumont\c++\gat-gameengine\gat-repo\temp\gamedebug\main.obj
c:\neumont\c++\gat-gameengine\gat-repo\temp\gamedebug\playercomponent.obj
c:\neumont\c++\gat-gameengine\gat-repo\temp\gamedebug\rocketcomponent.obj
c:\neumont\c++\gat-gameengine\gat-repo\temp\gamedebug\mygame.obj
c:\neumont\c++\gat-gameengine\gat-repo\bin\gamedebug\game.pdb
c:\neumont\c++\gat-gameengine\gat-repo\temp\gamedebug\game.vcxproj.filelistabsolute.txt
c:\neumont\c++\gat-gameengine\gat-repo\temp\gamedebug\game.tlog\cl.command.1.tlog
c:\neumont\c++\gat-gameengine\gat-repo\temp\gamedebug\game.tlog\cl.items.tlog
c:\neumont\c++\gat-gameengine\gat-repo\temp\gamedebug\game.tlog\cl.write.1.tlog
c:\neumont\c++\gat-gameengine\gat-repo\temp\gamedebug\game.tlog\link-cvtres.read.1.tlog
c:\neumont\c++\gat-gameengine\gat-repo\temp\gamedebug\game.tlog\link-cvtres.write.1.tlog
c:\neumont\c++\gat-gameengine\gat-repo\temp\gamedebug\game.tlog\link-rc.read.1.tlog
c:\neumont\c++\gat-gameengine\gat-repo\temp\gamedebug\game.tlog\link-rc.write.1.tlog
c:\neumont\c++\gat-gameengine\gat-repo\temp\gamedebug\game.tlog\link.26760-cvtres.read.1.tlog
c:\neumont\c++\gat-gameengine\gat-repo\temp\gamedebug\game.tlog\link.26760-cvtres.write.1.tlog
c:\neumont\c++\gat-gameengine\gat-repo\temp\gamedebug\game.tlog\link.26760-rc.read.1.tlog
c:\neumont\c++\gat-gameengine\gat-repo\temp\gamedebug\game.tlog\link.26760-rc.write.1.tlog
c:\neumont\c++\gat-gameengine\gat-repo\temp\gamedebug\game.tlog\link.26760.read.1.tlog
c:\neumont\c++\gat-gameengine\gat-repo\temp\gamedebug\game.tlog\link.26760.read.2.tlog
c:\neumont\c++\gat-gameengine\gat-repo\temp\gamedebug\game.tlog\link.26760.read.3.tlog
c:\neumont\c++\gat-gameengine\gat-repo\temp\gamedebug\game.tlog\link.26760.read.4.tlog
c:\neumont\c++\gat-gameengine\gat-repo\temp\gamedebug\game.tlog\link.26760.write.1.tlog
c:\neumont\c++\gat-gameengine\gat-repo\temp\gamedebug\game.tlog\link.command.1.tlog
c:\neumont\c++\gat-gameengine\gat-repo\temp\gamedebug\game.tlog\link.read.1.tlog
c:\neumont\c++\gat-gameengine\gat-repo\temp\gamedebug\game.tlog\link.read.2.tlog
c:\neumont\c++\gat-gameengine\gat-repo\temp\gamedebug\game.tlog\link.read.3.tlog
c:\neumont\c++\gat-gameengine\gat-repo\temp\gamedebug\game.tlog\link.read.4.tlog
c:\neumont\c++\gat-gameengine\gat-repo\temp\gamedebug\game.tlog\link.write.1.tlog
