c:\neumont\c++\gat-gameengine\bin\enginerelease\engine.pdb
c:\neumont\c++\gat-gameengine\bin\enginerelease\engine.lib
c:\neumont\c++\gat-gameengine\temp\enginerelease\actor.obj
c:\neumont\c++\gat-gameengine\temp\enginerelease\audio.obj
c:\neumont\c++\gat-gameengine\temp\enginerelease\engine.obj
c:\neumont\c++\gat-gameengine\temp\enginerelease\etime.obj
c:\neumont\c++\gat-gameengine\temp\enginerelease\font.obj
c:\neumont\c++\gat-gameengine\temp\enginerelease\input.obj
c:\neumont\c++\gat-gameengine\temp\enginerelease\model.obj
c:\neumont\c++\gat-gameengine\temp\enginerelease\particle.obj
c:\neumont\c++\gat-gameengine\temp\enginerelease\renderer.obj
c:\neumont\c++\gat-gameengine\temp\enginerelease\scene.obj
c:\neumont\c++\gat-gameengine\temp\enginerelease\text.obj
c:\neumont\c++\gat-gameengine\temp\enginerelease\engine.vcxproj.filelistabsolute.txt
c:\neumont\c++\gat-gameengine\temp\enginerelease\engine.tlog\cl.command.1.tlog
c:\neumont\c++\gat-gameengine\temp\enginerelease\engine.tlog\cl.items.tlog
c:\neumont\c++\gat-gameengine\temp\enginerelease\engine.tlog\cl.read.1.tlog
c:\neumont\c++\gat-gameengine\temp\enginerelease\engine.tlog\cl.write.1.tlog
c:\neumont\c++\gat-gameengine\temp\enginerelease\engine.tlog\lib-link.read.1.tlog
c:\neumont\c++\gat-gameengine\temp\enginerelease\engine.tlog\lib-link.write.1.tlog
c:\neumont\c++\gat-gameengine\temp\enginerelease\engine.tlog\lib.command.1.tlog
