C:\Program Files\Microsoft Visual Studio\2022\Community\MSBuild\Microsoft\VC\v170\Microsoft.CppBuild.targets(516,5): warning MSB8004: Intermediate Directory does not end with a trailing slash.  This build instance will add the slash as it is required to allow proper evaluation of the Intermediate Directory.
C:\Program Files\Microsoft Visual Studio\2022\Community\MSBuild\Microsoft\VC\v170\Microsoft.CppBuild.targets(517,5): warning MSB8004: Output Directory does not end with a trailing slash.  This build instance will add the slash as it is required to allow proper evaluation of the Output Directory.
  Actor.cpp
  Audio.cpp
  Engine.cpp
  ETime.cpp
  Font.cpp
  Input.cpp
  Model.cpp
C:\neumont\C++\GameEngine\Engine\Source\Model.cpp(14,41): warning C4244: 'argument': conversion from 'float' to 'int', possible loss of data
C:\neumont\C++\GameEngine\Engine\Source\Model.cpp(14,35): warning C4244: 'argument': conversion from 'float' to 'int', possible loss of data
C:\neumont\C++\GameEngine\Engine\Source\Model.cpp(14,29): warning C4244: 'argument': conversion from 'float' to 'int', possible loss of data
C:\neumont\C++\GameEngine\Engine\Source\Model.cpp(14,23): warning C4244: 'argument': conversion from 'float' to 'int', possible loss of data
C:\neumont\C++\GameEngine\Engine\Source\Model.cpp(29,41): warning C4244: 'argument': conversion from 'float' to 'int', possible loss of data
C:\neumont\C++\GameEngine\Engine\Source\Model.cpp(29,35): warning C4244: 'argument': conversion from 'float' to 'int', possible loss of data
C:\neumont\C++\GameEngine\Engine\Source\Model.cpp(29,29): warning C4244: 'argument': conversion from 'float' to 'int', possible loss of data
C:\neumont\C++\GameEngine\Engine\Source\Model.cpp(29,23): warning C4244: 'argument': conversion from 'float' to 'int', possible loss of data
  Particle.cpp
  RENDERER.CPP
  Scene.cpp
  Text.cpp
  Engine.vcxproj -> C:\neumont\C++\GAT-GameEngine\Bin\Engine\Release\Engine.lib
