c:\neumont\c++\gat-gameengine\bin\engine\release\engine.pdb
c:\neumont\c++\gat-gameengine\temp\engine\release\text.obj
c:\neumont\c++\gat-gameengine\temp\engine\release\scene.obj
c:\neumont\c++\gat-gameengine\temp\engine\release\renderer.obj
c:\neumont\c++\gat-gameengine\temp\engine\release\particle.obj
c:\neumont\c++\gat-gameengine\temp\engine\release\model.obj
c:\neumont\c++\gat-gameengine\temp\engine\release\input.obj
c:\neumont\c++\gat-gameengine\temp\engine\release\font.obj
c:\neumont\c++\gat-gameengine\temp\engine\release\etime.obj
c:\neumont\c++\gat-gameengine\temp\engine\release\engine.obj
c:\neumont\c++\gat-gameengine\temp\engine\release\audio.obj
c:\neumont\c++\gat-gameengine\temp\engine\release\actor.obj
c:\neumont\c++\gat-gameengine\bin\engine\release\engine.lib
c:\neumont\c++\gat-gameengine\bin\engine\\release\engine.pdb
c:\neumont\c++\gat-gameengine\temp\engine\\release\engine.vcxproj.filelistabsolute.txt
c:\neumont\c++\gat-gameengine\temp\engine\release\engine.tlog\cl.command.1.tlog
c:\neumont\c++\gat-gameengine\temp\engine\release\engine.tlog\cl.items.tlog
c:\neumont\c++\gat-gameengine\temp\engine\release\engine.tlog\cl.read.1.tlog
c:\neumont\c++\gat-gameengine\temp\engine\release\engine.tlog\cl.write.1.tlog
c:\neumont\c++\gat-gameengine\temp\engine\release\engine.tlog\lib-link.read.1.tlog
c:\neumont\c++\gat-gameengine\temp\engine\release\engine.tlog\lib-link.write.1.tlog
c:\neumont\c++\gat-gameengine\temp\engine\release\engine.tlog\lib.command.1.tlog
