c:\neumont\c++\gat-gameengine\gat-repo\bin\enginedebug\engine.pdb
c:\neumont\c++\gat-gameengine\gat-repo\bin\enginedebug\engine.idb
c:\neumont\c++\gat-gameengine\gat-repo\temp\enginedebug\texture.obj
c:\neumont\c++\gat-gameengine\gat-repo\temp\enginedebug\text.obj
c:\neumont\c++\gat-gameengine\gat-repo\temp\enginedebug\renderer.obj
c:\neumont\c++\gat-gameengine\gat-repo\temp\enginedebug\font.obj
c:\neumont\c++\gat-gameengine\gat-repo\temp\enginedebug\input.obj
c:\neumont\c++\gat-gameengine\gat-repo\temp\enginedebug\particle.obj
c:\neumont\c++\gat-gameengine\gat-repo\temp\enginedebug\model.obj
c:\neumont\c++\gat-gameengine\gat-repo\temp\enginedebug\actor.obj
c:\neumont\c++\gat-gameengine\gat-repo\temp\enginedebug\engine.obj
c:\neumont\c++\gat-gameengine\gat-repo\temp\enginedebug\etime.obj
c:\neumont\c++\gat-gameengine\gat-repo\temp\enginedebug\efile.obj
c:\neumont\c++\gat-gameengine\gat-repo\temp\enginedebug\eassert.obj
c:\neumont\c++\gat-gameengine\gat-repo\temp\enginedebug\audio.obj
c:\neumont\c++\gat-gameengine\gat-repo\temp\enginedebug\texturecomponent.obj
c:\neumont\c++\gat-gameengine\gat-repo\temp\enginedebug\json.obj
c:\neumont\c++\gat-gameengine\gat-repo\temp\enginedebug\estring.obj
c:\neumont\c++\gat-gameengine\gat-repo\temp\enginedebug\transform.obj
c:\neumont\c++\gat-gameengine\gat-repo\temp\enginedebug\object.obj
c:\neumont\c++\gat-gameengine\gat-repo\temp\enginedebug\scene.obj
c:\neumont\c++\gat-gameengine\gat-repo\temp\enginedebug\physicscomponent.obj
c:\neumont\c++\gat-gameengine\gat-repo\temp\enginedebug\enginephysicscomponent.obj
c:\neumont\c++\gat-gameengine\gat-repo\temp\enginedebug\textcomponent.obj
c:\neumont\c++\gat-gameengine\gat-repo\temp\enginedebug\physics.obj
c:\neumont\c++\gat-gameengine\gat-repo\temp\enginedebug\circlecollisioncomponent.obj
c:\neumont\c++\gat-gameengine\gat-repo\temp\enginedebug\eventsystem.obj
c:\neumont\c++\gat-gameengine\gat-repo\temp\enginedebug\observer.obj
c:\neumont\c++\gat-gameengine\gat-repo\temp\enginedebug\rigidbody.obj
c:\neumont\c++\gat-gameengine\gat-repo\temp\enginedebug\box2dphysicscomponent.obj
c:\neumont\c++\gat-gameengine\gat-repo\temp\enginedebug\audiosource.obj
c:\neumont\c++\gat-gameengine\gat-repo\temp\enginedebug\audioclip.obj
c:\neumont\c++\gat-gameengine\gat-repo\bin\enginedebug\engine.lib
c:\neumont\c++\gat-gameengine\gat-repo\temp\enginedebug\serializable.obj
c:\neumont\c++\gat-gameengine\gat-repo\temp\enginedebug\engine.obj.enc
c:\neumont\c++\gat-gameengine\gat-repo\temp\enginedebug\engine.vcxproj.filelistabsolute.txt
c:\neumont\c++\gat-gameengine\gat-repo\temp\enginedebug\engine.tlog\cl.command.1.tlog
c:\neumont\c++\gat-gameengine\gat-repo\temp\enginedebug\engine.tlog\cl.items.tlog
c:\neumont\c++\gat-gameengine\gat-repo\temp\enginedebug\engine.tlog\cl.read.1.tlog
c:\neumont\c++\gat-gameengine\gat-repo\temp\enginedebug\engine.tlog\cl.write.1.tlog
c:\neumont\c++\gat-gameengine\gat-repo\temp\enginedebug\engine.tlog\lib-link.read.1.tlog
c:\neumont\c++\gat-gameengine\gat-repo\temp\enginedebug\engine.tlog\lib-link.write.1.tlog
c:\neumont\c++\gat-gameengine\gat-repo\temp\enginedebug\engine.tlog\lib.command.1.tlog
