c:\neumont\c++\gat-gameengine\bin\engine\debug\engine.pdb
c:\neumont\c++\gat-gameengine\bin\engine\debug\engine.idb
c:\neumont\c++\gat-gameengine\temp\engine\debug\text.obj
c:\neumont\c++\gat-gameengine\temp\engine\debug\scene.obj
c:\neumont\c++\gat-gameengine\temp\engine\debug\renderer.obj
c:\neumont\c++\gat-gameengine\temp\engine\debug\particle.obj
c:\neumont\c++\gat-gameengine\temp\engine\debug\model.obj
c:\neumont\c++\gat-gameengine\temp\engine\debug\input.obj
c:\neumont\c++\gat-gameengine\temp\engine\debug\font.obj
c:\neumont\c++\gat-gameengine\temp\engine\debug\etime.obj
c:\neumont\c++\gat-gameengine\temp\engine\debug\engine.obj
c:\neumont\c++\gat-gameengine\temp\engine\debug\audio.obj
c:\neumont\c++\gat-gameengine\temp\engine\debug\actor.obj
c:\neumont\c++\gat-gameengine\bin\engine\debug\engine.lib
c:\neumont\c++\gat-gameengine\bin\engine\\debug\engine.pdb
c:\neumont\c++\gat-gameengine\temp\engine\\debug\engine.vcxproj.filelistabsolute.txt
c:\neumont\c++\gat-gameengine\temp\engine\debug\engine.tlog\cl.command.1.tlog
c:\neumont\c++\gat-gameengine\temp\engine\debug\engine.tlog\cl.items.tlog
c:\neumont\c++\gat-gameengine\temp\engine\debug\engine.tlog\cl.read.1.tlog
c:\neumont\c++\gat-gameengine\temp\engine\debug\engine.tlog\cl.write.1.tlog
c:\neumont\c++\gat-gameengine\temp\engine\debug\engine.tlog\lib-link.read.1.tlog
c:\neumont\c++\gat-gameengine\temp\engine\debug\engine.tlog\lib-link.write.1.tlog
c:\neumont\c++\gat-gameengine\temp\engine\debug\engine.tlog\lib.command.1.tlog
